Log file open, 03/04/20 10:41:34
LogWindows: Failed to load 'aqProf.dll' (GetLastError=126)
LogWindows: File 'aqProf.dll' does not exist
LogWindows: Failed to load 'VtuneApi.dll' (GetLastError=126)
LogWindows: File 'VtuneApi.dll' does not exist
LogWindows: Failed to load 'VtuneApi32e.dll' (GetLastError=126)
LogWindows: File 'VtuneApi32e.dll' does not exist
LogInit: Display: Running engine for game: Bloodoath2
LogPlatformFile: Not using cached read wrapper
LogInit: Display: RandInit(102698114) SRandInit(102698114).
LogInit: Read version file with build ID '3944462'
LogInit: Overriding engine version to CL 4033788, compatible CL 3944462
LogInit: Registered custom module enumerator with build ID '3944462'
LogTaskGraph: Started task graph with 5 named threads and 23 total threads with 3 sets of task threads.
LogStats: Stats thread started at 0.282481
LogD3D11RHI: Aftermath initialized
LogICUInternationalization: Display: ICU TimeZone Detection - Raw Offset: -5:00, Platform Override: ''
LogModuleManager: Display: Found up-to-date module file ../../../Engine/Plugins/2D/Paper2D/Binaries/Win64/UE4Editor-Paper2D.dll (API version 3944462).
LogModuleManager: Display: Found up-to-date module file ../../../Engine/Plugins/2D/Paper2D/Binaries/Win64/UE4Editor-Paper2DEditor.dll (API version 3944462).
LogModuleManager: Display: Found up-to-date module file ../../../Engine/Plugins/2D/Paper2D/Binaries/Win64/UE4Editor-PaperSpriteSheetImporter.dll (API version 3944462).
LogModuleManager: Display: Found up-to-date module file ../../../Engine/Plugins/2D/Paper2D/Binaries/Win64/UE4Editor-PaperTiledImporter.dll (API version 3944462).
LogModuleManager: Display: Found up-to-date module file ../../../Engine/Plugins/2D/Paper2D/Binaries/Win64/UE4Editor-SmartSnapping.dll (API version 3944462).
LogModuleManager: Display: Found up-to-date module file ../../../Engine/Plugins/Blendables/LightPropagationVolume/Binaries/Win64/UE4Editor-LightPropagationVolumeRuntime.dll (API version 3944462).
LogModuleManager: Display: Found up-to-date module file ../../../Engine/Plugins/Blendables/LightPropagationVolume/Binaries/Win64/UE4Editor-LightPropagationVolumeEditor.dll (API version 3944462).
LogModuleManager: Display: Found up-to-date module file ../../../Engine/Plugins/Developer/CLionSourceCodeAccess/Binaries/Win64/UE4Editor-CLionSourceCodeAccess.dll (API version 3944462).
LogModuleManager: Display: Found up-to-date module file ../../../Engine/Plugins/Developer/GitSourceControl/Binaries/Win64/UE4Editor-GitSourceControl.dll (API version 3944462).
LogModuleManager: Display: Found up-to-date module file ../../../Engine/Plugins/Developer/PerforceSourceControl/Binaries/Win64/UE4Editor-PerforceSourceControl.dll (API version 3944462).
LogModuleManager: Display: Found up-to-date module file ../../../Engine/Plugins/Developer/SubversionSourceControl/Binaries/Win64/UE4Editor-SubversionSourceControl.dll (API version 3944462).
LogModuleManager: Display: Found up-to-date module file ../../../Engine/Plugins/Developer/UObjectPlugin/Binaries/Win64/UE4Editor-UObjectPlugin.dll (API version 3944462).
LogModuleManager: Display: Found up-to-date module file ../../../Engine/Plugins/Developer/VisualStudioCodeSourceCodeAccess/Binaries/Win64/UE4Editor-VisualStudioCodeSourceCodeAccess.dll (API version 3944462).
LogModuleManager: Display: Found up-to-date module file ../../../Engine/Plugins/Developer/VisualStudioSourceCodeAccess/Binaries/Win64/UE4Editor-VisualStudioSourceCodeAccess.dll (API version 3944462).
LogModuleManager: Display: Found up-to-date module file ../../../Engine/Plugins/Editor/AssetManagerEditor/Binaries/Win64/UE4Editor-AssetManagerEditor.dll (API version 3944462).
LogModuleManager: Display: Found up-to-date module file ../../../Engine/Plugins/Editor/CryptoKeys/Binaries/Win64/UE4Editor-CryptoKeys.dll (API version 3944462).
LogModuleManager: Display: Found up-to-date module file ../../../Engine/Plugins/Editor/CryptoKeys/Binaries/Win64/UE4Editor-CryptoKeysOpenSSL.dll (API version 3944462).
LogModuleManager: Display: Found up-to-date module file ../../../Engine/Plugins/Editor/DataValidation/Binaries/Win64/UE4Editor-DataValidation.dll (API version 3944462).
LogModuleManager: Display: Found up-to-date module file ../../../Engine/Plugins/Editor/FacialAnimation/Binaries/Win64/UE4Editor-FacialAnimation.dll (API version 3944462).
LogModuleManager: Display: Found up-to-date module file ../../../Engine/Plugins/Editor/FacialAnimation/Binaries/Win64/UE4Editor-FacialAnimationEditor.dll (API version 3944462).
LogModuleManager: Display: Found up-to-date module file ../../../Engine/Plugins/Editor/GameplayTagsEditor/Binaries/Win64/UE4Editor-GameplayTagsEditor.dll (API version 3944462).
LogModuleManager: Display: Found up-to-date module file ../../../Engine/Plugins/Editor/MobileLauncherProfileWizard/Binaries/Win64/UE4Editor-MobileLauncherProfileWizard.dll (API version 3944462).
LogModuleManager: Display: Found up-to-date module file ../../../Engine/Plugins/Editor/PluginBrowser/Binaries/Win64/UE4Editor-PluginBrowser.dll (API version 3944462).
LogModuleManager: Display: Found up-to-date module file ../../../Engine/Plugins/Editor/SpeedTreeImporter/Binaries/Win64/UE4Editor-SpeedTreeImporter.dll (API version 3944462).
LogModuleManager: Display: Found up-to-date module file ../../../Engine/Plugins/Enterprise/DatasmithContent/Binaries/Win64/UE4Editor-DatasmithContent.dll (API version 3944462).
LogModuleManager: Display: Found up-to-date module file ../../../Engine/Plugins/Experimental/AlembicImporter/Binaries/Win64/UE4Editor-AlembicImporter.dll (API version 3944462).
LogModuleManager: Display: Found up-to-date module file ../../../Engine/Plugins/Experimental/AlembicImporter/Binaries/Win64/UE4Editor-AlembicLibrary.dll (API version 3944462).
LogModuleManager: Display: Found up-to-date module file ../../../Engine/Plugins/Experimental/CharacterAI/Binaries/Win64/UE4Editor-CharacterAI.dll (API version 3944462).
LogModuleManager: Display: Found up-to-date module file ../../../Engine/Plugins/Experimental/HTML5Networking/Binaries/Win64/UE4Editor-HTML5Networking.dll (API version 3944462).
LogModuleManager: Display: Found up-to-date module file ../../../Engine/Plugins/Media/AndroidMedia/Binaries/Win64/UE4Editor-AndroidMediaEditor.dll (API version 3944462).
LogModuleManager: Display: Found up-to-date module file ../../../Engine/Plugins/Media/AndroidMedia/Binaries/Win64/UE4Editor-AndroidMediaFactory.dll (API version 3944462).
LogModuleManager: Display: Found up-to-date module file ../../../Engine/Plugins/Media/AvfMedia/Binaries/Win64/UE4Editor-AvfMediaEditor.dll (API version 3944462).
LogModuleManager: Display: Found up-to-date module file ../../../Engine/Plugins/Media/AvfMedia/Binaries/Win64/UE4Editor-AvfMediaFactory.dll (API version 3944462).
LogModuleManager: Display: Found up-to-date module file ../../../Engine/Plugins/Media/AvfMedia/Binaries/Win64/UE4Editor-AvfMediaFactory.dll (API version 3944462).
LogModuleManager: Display: Found up-to-date module file ../../../Engine/Plugins/Media/ImgMedia/Binaries/Win64/UE4Editor-ImgMedia.dll (API version 3944462).
LogModuleManager: Display: Found up-to-date module file ../../../Engine/Plugins/Media/ImgMedia/Binaries/Win64/UE4Editor-ImgMediaEditor.dll (API version 3944462).
LogModuleManager: Display: Found up-to-date module file ../../../Engine/Plugins/Media/ImgMedia/Binaries/Win64/UE4Editor-ImgMediaFactory.dll (API version 3944462).
LogModuleManager: Display: Found up-to-date module file ../../../Engine/Plugins/Media/ImgMedia/Binaries/Win64/UE4Editor-ImgMediaFactory.dll (API version 3944462).
LogModuleManager: Display: Found up-to-date module file ../../../Engine/Plugins/Media/ImgMedia/Binaries/Win64/UE4Editor-OpenExrWrapper.dll (API version 3944462).
LogModuleManager: Display: Found up-to-date module file ../../../Engine/Plugins/Media/LinearTimecode/Binaries/Win64/UE4Editor-LinearTimecode.dll (API version 3944462).
LogModuleManager: Display: Found up-to-date module file ../../../Engine/Plugins/Media/MediaCompositing/Binaries/Win64/UE4Editor-MediaCompositing.dll (API version 3944462).
LogModuleManager: Display: Found up-to-date module file ../../../Engine/Plugins/Media/MediaCompositing/Binaries/Win64/UE4Editor-MediaCompositingEditor.dll (API version 3944462).
LogModuleManager: Display: Found up-to-date module file ../../../Engine/Plugins/Media/MediaPlayerEditor/Binaries/Win64/UE4Editor-MediaPlayerEditor.dll (API version 3944462).
LogModuleManager: Display: Found up-to-date module file ../../../Engine/Plugins/Media/WmfMedia/Binaries/Win64/UE4Editor-WmfMedia.dll (API version 3944462).
LogModuleManager: Display: Found up-to-date module file ../../../Engine/Plugins/Media/WmfMedia/Binaries/Win64/UE4Editor-WmfMediaEditor.dll (API version 3944462).
LogModuleManager: Display: Found up-to-date module file ../../../Engine/Plugins/Media/WmfMedia/Binaries/Win64/UE4Editor-WmfMediaFactory.dll (API version 3944462).
LogModuleManager: Display: Found up-to-date module file ../../../Engine/Plugins/Media/WmfMedia/Binaries/Win64/UE4Editor-WmfMediaFactory.dll (API version 3944462).
LogModuleManager: Display: Found up-to-date module file ../../../Engine/Plugins/Messaging/TcpMessaging/Binaries/Win64/UE4Editor-TcpMessaging.dll (API version 3944462).
LogModuleManager: Display: Found up-to-date module file ../../../Engine/Plugins/Messaging/UdpMessaging/Binaries/Win64/UE4Editor-UdpMessaging.dll (API version 3944462).
LogModuleManager: Display: Found up-to-date module file ../../../Engine/Plugins/MovieScene/ActorSequence/Binaries/Win64/UE4Editor-ActorSequence.dll (API version 3944462).
LogModuleManager: Display: Found up-to-date module file ../../../Engine/Plugins/MovieScene/LevelSequenceEditor/Binaries/Win64/UE4Editor-LevelSequenceEditor.dll (API version 3944462).
LogModuleManager: Display: Found up-to-date module file ../../../Engine/Plugins/MovieScene/MatineeToLevelSequence/Binaries/Win64/UE4Editor-MatineeToLevelSequence.dll (API version 3944462).
LogModuleManager: Display: Found up-to-date module file ../../../Engine/Plugins/NetcodeUnitTest/NetcodeUnitTest/Binaries/Win64/UE4Editor-NetcodeUnitTest.dll (API version 3944462).
LogModuleManager: Display: Found up-to-date module file ../../../Engine/Plugins/NetcodeUnitTest/NUTUnrealEngine4/Binaries/Win64/UE4Editor-NUTUnrealEngine4.dll (API version 3944462).
LogModuleManager: Display: Found up-to-date module file ../../../Engine/Plugins/Online/OnlineSubsystem/Binaries/Win64/UE4Editor-OnlineSubsystem.dll (API version 3944462).
LogModuleManager: Display: Found up-to-date module file ../../../Engine/Plugins/Runtime/AndroidPermission/Binaries/Win64/UE4Editor-AndroidPermission.dll (API version 3944462).
LogModuleManager: Display: Found up-to-date module file ../../../Engine/Plugins/Online/OnlineSubsystemNull/Binaries/Win64/UE4Editor-OnlineSubsystemNull.dll (API version 3944462).
LogModuleManager: Display: Found up-to-date module file ../../../Engine/Plugins/Online/OnlineSubsystemUtils/Binaries/Win64/UE4Editor-OnlineSubsystemUtils.dll (API version 3944462).
LogModuleManager: Display: Found up-to-date module file ../../../Engine/Plugins/Online/OnlineSubsystemUtils/Binaries/Win64/UE4Editor-OnlineBlueprintSupport.dll (API version 3944462).
LogModuleManager: Display: Found up-to-date module file ../../../Engine/Plugins/Runtime/AndroidDeviceProfileSelector/Binaries/Win64/UE4Editor-AndroidDeviceProfileSelector.dll (API version 3944462).
LogModuleManager: Display: Found up-to-date module file ../../../Engine/Plugins/Runtime/AppleARKit/Binaries/Win64/UE4Editor-AppleARKit.dll (API version 3944462).
LogModuleManager: Display: Found up-to-date module file ../../../Engine/Plugins/Runtime/ProceduralMeshComponent/Binaries/Win64/UE4Editor-ProceduralMeshComponent.dll (API version 3944462).
LogModuleManager: Display: Found up-to-date module file ../../../Engine/Plugins/Runtime/ProceduralMeshComponent/Binaries/Win64/UE4Editor-ProceduralMeshComponentEditor.dll (API version 3944462).
LogModuleManager: Display: Found up-to-date module file ../../../Engine/Plugins/Animation/LiveLink/Binaries/Win64/UE4Editor-LiveLink.dll (API version 3944462).
LogModuleManager: Display: Found up-to-date module file ../../../Engine/Plugins/Animation/LiveLink/Binaries/Win64/UE4Editor-LiveLinkEditor.dll (API version 3944462).
LogModuleManager: Display: Found up-to-date module file ../../../Engine/Plugins/Runtime/ArchVisCharacter/Binaries/Win64/UE4Editor-ArchVisCharacter.dll (API version 3944462).
LogModuleManager: Display: Found up-to-date module file ../../../Engine/Plugins/Runtime/AudioCapture/Binaries/Win64/UE4Editor-AudioCapture.dll (API version 3944462).
LogModuleManager: Display: Found up-to-date module file ../../../Engine/Plugins/Runtime/AudioCapture/Binaries/Win64/UE4Editor-AudioCaptureEditor.dll (API version 3944462).
LogModuleManager: Display: Found up-to-date module file ../../../Engine/Plugins/Runtime/CableComponent/Binaries/Win64/UE4Editor-CableComponent.dll (API version 3944462).
LogModuleManager: Display: Found up-to-date module file ../../../Engine/Plugins/Runtime/CustomMeshComponent/Binaries/Win64/UE4Editor-CustomMeshComponent.dll (API version 3944462).
LogModuleManager: Display: Found up-to-date module file ../../../Engine/Plugins/Runtime/ExampleDeviceProfileSelector/Binaries/Win64/UE4Editor-ExampleDeviceProfileSelector.dll (API version 3944462).
LogModuleManager: Display: Found up-to-date module file ../../../Engine/Plugins/Runtime/ImmediatePhysics/Binaries/Win64/UE4Editor-ImmediatePhysics.dll (API version 3944462).
LogModuleManager: Display: Found up-to-date module file ../../../Engine/Plugins/Runtime/ImmediatePhysics/Binaries/Win64/UE4Editor-ImmediatePhysicsEditor.dll (API version 3944462).
LogModuleManager: Display: Found up-to-date module file ../../../Engine/Plugins/Runtime/LocationServicesBPLibrary/Binaries/Win64/UE4Editor-LocationServicesBPLibrary.dll (API version 3944462).
LogModuleManager: Display: Found up-to-date module file ../../../Engine/Plugins/Runtime/MobilePatchingUtils/Binaries/Win64/UE4Editor-MobilePatchingUtils.dll (API version 3944462).
LogModuleManager: Display: Found up-to-date module file ../../../Engine/Plugins/Runtime/Oculus/OculusVR/Binaries/Win64/UE4Editor-OculusHMD.dll (API version 3944462).
LogModuleManager: Display: Found up-to-date module file ../../../Engine/Plugins/Runtime/Oculus/OculusVR/Binaries/Win64/UE4Editor-OculusInput.dll (API version 3944462).
LogModuleManager: Display: Found up-to-date module file ../../../Engine/Plugins/Runtime/Oculus/OculusVR/Binaries/Win64/UE4Editor-OculusEditor.dll (API version 3944462).
LogModuleManager: Display: Found up-to-date module file ../../../Engine/Plugins/Runtime/PhysXVehicles/Binaries/Win64/UE4Editor-PhysXVehicles.dll (API version 3944462).
LogModuleManager: Display: Found up-to-date module file ../../../Engine/Plugins/Runtime/PhysXVehicles/Binaries/Win64/UE4Editor-PhysXVehiclesEditor.dll (API version 3944462).
LogModuleManager: Display: Found up-to-date module file ../../../Engine/Plugins/Runtime/RuntimePhysXCooking/Binaries/Win64/UE4Editor-RuntimePhysXCooking.dll (API version 3944462).
LogModuleManager: Display: Found up-to-date module file ../../../Engine/Plugins/Runtime/Steam/SteamVR/Binaries/Win64/UE4Editor-SteamVR.dll (API version 3944462).
LogModuleManager: Display: Found up-to-date module file ../../../Engine/Plugins/Runtime/Steam/SteamVR/Binaries/Win64/UE4Editor-SteamVRController.dll (API version 3944462).
LogModuleManager: Display: Found up-to-date module file ../../../Engine/Plugins/Runtime/WindowsMoviePlayer/Binaries/Win64/UE4Editor-WindowsMoviePlayer.dll (API version 3944462).
LogPluginManager: Mounting plugin Paper2D
LogPluginManager: Mounting plugin LiveLink
LogPluginManager: Mounting plugin LightPropagationVolume
LogPluginManager: Mounting plugin CLionSourceCodeAccess
LogPluginManager: Mounting plugin CodeLiteSourceCodeAccess
LogPluginManager: Mounting plugin GitSourceControl
LogPluginManager: Mounting plugin KDevelopSourceCodeAccess
LogPluginManager: Mounting plugin NullSourceCodeAccess
LogPluginManager: Mounting plugin PerforceSourceControl
LogPluginManager: Mounting plugin SubversionSourceControl
LogPluginManager: Mounting plugin UObjectPlugin
LogPluginManager: Mounting plugin VisualStudioCodeSourceCodeAccess
LogPluginManager: Mounting plugin VisualStudioSourceCodeAccess
LogPluginManager: Mounting plugin XCodeSourceCodeAccess
LogPluginManager: Mounting plugin AssetManagerEditor
LogPluginManager: Mounting plugin CryptoKeys
LogPluginManager: Mounting plugin DataValidation
LogPluginManager: Mounting plugin FacialAnimation
LogPluginManager: Mounting plugin GameplayTagsEditor
LogPluginManager: Mounting plugin MobileLauncherProfileWizard
LogPluginManager: Mounting plugin PluginBrowser
LogPluginManager: Mounting plugin SpeedTreeImporter
LogPluginManager: Mounting plugin DatasmithContent
LogPluginManager: Mounting plugin AlembicImporter
LogPluginManager: Mounting plugin CharacterAI
LogPluginManager: Mounting plugin HTML5Networking
LogPluginManager: Mounting plugin AndroidMedia
LogPluginManager: Mounting plugin AvfMedia
LogPluginManager: Mounting plugin ImgMedia
LogPluginManager: Mounting plugin LinearTimecode
LogPluginManager: Mounting plugin MediaCompositing
LogPluginManager: Mounting plugin MediaPlayerEditor
LogPluginManager: Mounting plugin WmfMedia
LogPluginManager: Mounting plugin TcpMessaging
LogPluginManager: Mounting plugin UdpMessaging
LogPluginManager: Mounting plugin ActorSequence
LogPluginManager: Mounting plugin LevelSequenceEditor
LogPluginManager: Mounting plugin MatineeToLevelSequence
LogPluginManager: Mounting plugin NetcodeUnitTest
LogPluginManager: Mounting plugin NUTUnrealEngine4
LogPluginManager: Mounting plugin OnlineSubsystemGooglePlay
LogPluginManager: Mounting plugin OnlineSubsystemIOS
LogPluginManager: Mounting plugin OnlineSubsystem
LogPluginManager: Mounting plugin OnlineSubsystemNull
LogPluginManager: Mounting plugin OnlineSubsystemUtils
LogPluginManager: Mounting plugin AndroidDeviceProfileSelector
LogPluginManager: Mounting plugin AndroidMoviePlayer
LogPluginManager: Mounting plugin AndroidPermission
LogPluginManager: Mounting plugin AppleARKit
LogPluginManager: Mounting plugin AppleMoviePlayer
LogPluginManager: Mounting plugin ArchVisCharacter
LogPluginManager: Mounting plugin AudioCapture
LogPluginManager: Mounting plugin CableComponent
LogPluginManager: Mounting plugin CustomMeshComponent
LogPluginManager: Mounting plugin ExampleDeviceProfileSelector
LogPluginManager: Mounting plugin GoogleCloudMessaging
LogPluginManager: Mounting plugin ImmediatePhysics
LogPluginManager: Mounting plugin IOSDeviceProfileSelector
LogPluginManager: Mounting plugin LinuxDeviceProfileSelector
LogPluginManager: Mounting plugin LocationServicesBPLibrary
LogPluginManager: Mounting plugin MobilePatchingUtils
LogPluginManager: Mounting plugin OculusVR
LogPluginManager: Plugin shader directory ../../../Engine/Plugins/Runtime/Oculus/OculusVR/Shaders found
LogPluginManager: Mapping shader source directory ../../../Engine/Plugins/Runtime/Oculus/OculusVR/Shaders to virtual directory /Plugin/OculusVR
LogPluginManager: Mounting plugin PhysXVehicles
LogPluginManager: Mounting plugin ProceduralMeshComponent
LogPluginManager: Mounting plugin RuntimePhysXCooking
LogPluginManager: Mounting plugin SteamVR
LogPluginManager: Mounting plugin WindowsMoviePlayer
LogStreaming: Display: Took  1.161s to configure plugins.
LogInit: Using libcurl 7.47.1
LogInit:  - built for x86_64-pc-win32
LogInit:  - supports SSL with OpenSSL/1.0.2g
LogInit:  - supports HTTP deflate (compression) using libz 1.2.8
LogInit:  - other features:
LogInit:      CURL_VERSION_SSL
LogInit:      CURL_VERSION_LIBZ
LogInit:      CURL_VERSION_IPV6
LogInit:      CURL_VERSION_ASYNCHDNS
LogInit:      CURL_VERSION_LARGEFILE
LogInit:      CURL_VERSION_IDN
LogInit:  CurlRequestOptions (configurable via config and command line):
LogInit:  - bVerifyPeer = false  - Libcurl will NOT verify peer certificate
LogInit:  - bUseHttpProxy = false  - Libcurl will NOT use HTTP proxy
LogInit:  - bDontReuseConnections = false  - Libcurl will reuse connections
LogInit:  - CertBundlePath = nullptr  - Libcurl will use whatever was configured at build time.
LogInit:  - MaxHostConnections = 16  - Libcurl will limit the number of connections to a host
LogInit:  - LocalHostAddr = Default
LogInit: WinSock: version 1.1 (2.2), MaxSocks=32767, MaxUdp=65467
LogInit: WinSock: I am DESKTOP-MLI8V5C (169.254.233.59:0)
LogInit: Build: ++UE4+Release-4.19-CL-4033788
LogInit: Engine Version: 4.19.2-4033788+++UE4+Release-4.19
LogInit: Compatible Engine Version: 4.19.0-3944462+++UE4+Release-4.19
LogInit: Net CL: 3944462
LogDevObjectVersion: Number of dev versions registered: 18
LogDevObjectVersion:   Dev-Blueprints (B0D832E4-1F89-4F0D-ACCF-7EB736FD4AA2): 10
LogDevObjectVersion:   Dev-Build (E1C64328-A22C-4D53-A36C-8E866417BD8C): 0
LogDevObjectVersion:   Dev-Core (375EC13C-06E4-48FB-B500-84F0262A717E): 2
LogDevObjectVersion:   Dev-Editor (E4B068ED-F494-42E9-A231-DA0B2E46BB41): 23
LogDevObjectVersion:   Dev-Framework (CFFC743F-43B0-4480-9391-14DF171D2073): 33
LogDevObjectVersion:   Dev-Mobile (B02B49B5-BB20-44E9-A304-32B752E40360): 2
LogDevObjectVersion:   Dev-Networking (A4E4105C-59A1-49B5-A7C5-40C4547EDFEE): 0
LogDevObjectVersion:   Dev-Online (39C831C9-5AE6-47DC-9A44-9C173E1C8E7C): 0
LogDevObjectVersion:   Dev-Physics (78F01B33-EBEA-4F98-B9B4-84EACCB95AA2): 0
LogDevObjectVersion:   Dev-Platform (6631380F-2D4D-43E0-8009-CF276956A95A): 0
LogDevObjectVersion:   Dev-Rendering (12F88B9F-8875-4AFC-A67C-D90C383ABD29): 25
LogDevObjectVersion:   Dev-Sequencer (7B5AE74C-D270-4C10-A958-57980B212A5A): 6
LogDevObjectVersion:   Dev-VR (D7296918-1DD6-4BDD-9DE2-64A83CC13884): 1
LogDevObjectVersion:   Dev-LoadTimes (C2A15278-BFE7-4AFE-6C17-90FF531DF755): 1
LogDevObjectVersion:   Private-Geometry (6EACA3D4-40EC-4CC1-B786-8BED09428FC5): 2
LogDevObjectVersion:   Dev-AnimPhys (29E575DD-E0A3-4627-9D10-D276232CDCEA): 16
LogDevObjectVersion:   Dev-ReflectionCapture (6B266CEC-1EC7-4B8F-A30B-E4D90942FC07): 1
LogDevObjectVersion:   Dev-Automation (0DF73D61-A23F-47EA-B727-89E90C41499A): 1
LogInit: Compiled (64-bit): Apr 27 2018 02:06:57
LogInit: Compiled with Visual C++: 19.00.24215.01
LogInit: Build Configuration: Development
LogInit: Branch Name: ++UE4+Release-4.19
LogInit: Command Line: -EpicPortal  -epicusername="the fony" -epicuserid=094fd40342bb405ba180082e54be1b92 -epiclocale=en
LogInit: Base Directory: C:/Program Files/Epic Games/UE_4.19/Engine/Binaries/Win64/
LogInit: Installed Engine Build: 1
LogStreaming: Display: Took  0.000s to delete old logs.
LogInit: Presizing for max 8388607 objects, including 0 objects not considered by GC, pre-allocating 0 bytes for permanent pool.
LogInit: Object subsystem initialized
[2020.03.04-15.41.35:628][  0]LogInit: Selected Device Profile: [Windows]
[2020.03.04-15.41.35:628][  0]LogInit: Applying CVar settings loaded from the selected device profile: [Windows]
[2020.03.04-15.41.35:683][  0]LogInit: Computer: DESKTOP-MLI8V5C
[2020.03.04-15.41.35:683][  0]LogInit: User: anthony
[2020.03.04-15.41.35:683][  0]LogInit: CPU Page size=4096, Cores=4
[2020.03.04-15.41.35:683][  0]LogInit: High frequency timer resolution =10.000000 MHz
[2020.03.04-15.41.35:684][  0]LogMemory: Memory total: Physical=15.9GB (16GB approx)
[2020.03.04-15.41.35:684][  0]LogMemory: Platform Memory Stats for Windows
[2020.03.04-15.41.35:684][  0]LogMemory: Process Physical Memory: 274.52 MB used, 274.53 MB peak
[2020.03.04-15.41.35:684][  0]LogMemory: Process Virtual Memory: 264.69 MB used, 264.69 MB peak
[2020.03.04-15.41.35:684][  0]LogMemory: Physical Memory: 8042.70 MB used,  8220.50 MB free, 16263.20 MB total
[2020.03.04-15.41.35:684][  0]LogMemory: Virtual Memory: 4778.80 MB used,  8220.50 MB free, 134217728.00 MB total
[2020.03.04-15.41.35:712][  0]LogInit: Using OS detected language (en-US).
[2020.03.04-15.41.35:712][  0]LogInit: Using OS detected locale (en-US).
[2020.03.04-15.41.35:715][  0]LogTextLocalizationManager: No specific localization for 'en-US' exists, so the 'en' localization will be used.
[2020.03.04-15.41.36:176][  0]LogStreaming: Display: Took  0.464s to EndInitTextLocalization.
[2020.03.04-15.41.36:176][  0]LogInit: Setting process to per monitor DPI aware
[2020.03.04-15.41.36:225][  0]LogSlate: New Slate User Created.  User Index 0, Is Virtual User: 0
[2020.03.04-15.41.36:225][  0]LogSlate: Slate User Registered.  User Index 0, Is Virtual User: 0
[2020.03.04-15.41.36:453][  0]LogD3D11RHI: D3D11 adapters:
[2020.03.04-15.41.36:552][  0]LogD3D11RHI:    0. 'NVIDIA Quadro P5000' (Feature Level 11_0)
[2020.03.04-15.41.36:552][  0]LogD3D11RHI:       16257/0/8131 MB DedicatedVideo/DedicatedSystem/SharedSystem, Outputs:1, VendorId:0x10de
[2020.03.04-15.41.36:576][  0]LogD3D11RHI:    1. 'Intel(R) HD Graphics 630' (Feature Level 11_0)
[2020.03.04-15.41.36:576][  0]LogD3D11RHI:       128/0/8131 MB DedicatedVideo/DedicatedSystem/SharedSystem, Outputs:0, VendorId:0x8086
[2020.03.04-15.41.36:579][  0]LogD3D11RHI:    2. 'Microsoft Basic Render Driver' (Feature Level 11_0)
[2020.03.04-15.41.36:579][  0]LogD3D11RHI:       0/0/8131 MB DedicatedVideo/DedicatedSystem/SharedSystem, Outputs:0, VendorId:0x1414
[2020.03.04-15.41.36:579][  0]LogD3D11RHI: Chosen D3D11 Adapter: 0
[2020.03.04-15.41.36:606][  0]LogD3D11RHI: Creating new Direct3DDevice
[2020.03.04-15.41.36:606][  0]LogD3D11RHI:     GPU DeviceId: 0x1bb6 (for the marketing name, search the web for "GPU Device Id")
[2020.03.04-15.41.36:606][  0]LogWindows: EnumDisplayDevices:
[2020.03.04-15.41.36:606][  0]LogWindows:    0. 'Intel(R) HD Graphics 630' (P:1 D:1)
[2020.03.04-15.41.36:606][  0]LogWindows:    1. 'Intel(R) HD Graphics 630' (P:0 D:0)
[2020.03.04-15.41.36:607][  0]LogWindows:    2. 'Intel(R) HD Graphics 630' (P:0 D:0)
[2020.03.04-15.41.36:607][  0]LogWindows:    3. 'NVIDIA Quadro P5000' (P:0 D:0)
[2020.03.04-15.41.36:607][  0]LogWindows:    4. 'NVIDIA Quadro P5000' (P:0 D:0)
[2020.03.04-15.41.36:607][  0]LogWindows:    5. 'NVIDIA Quadro P5000' (P:0 D:0)
[2020.03.04-15.41.36:607][  0]LogWindows:    6. 'NVIDIA Quadro P5000' (P:0 D:0)
[2020.03.04-15.41.36:608][  0]LogWindows: DebugString: GetVideoDriverDetailsInvalid PrimaryIsNotTheChoosenAdapter GetVideoDriverDetailsInvalid PrimaryIsNotTheChoosenAdapter GetVideoDriverDetailsInvalid PrimaryIsNotTheChoosenAdapter GetVideoDriverDetailsInvalid PrimaryIsNotTheChoosenAdapter GetVideoDriverDetailsInvalid PrimaryIsNotTheChoosenAdapter GetVideoDriverDetailsInvalid PrimaryIsNotTheChoosenAdapter GetVideoDriverDetailsInvalid PrimaryIsNotTheChoosenAdapter FoundDriverCount:0 
[2020.03.04-15.41.36:608][  0]LogD3D11RHI:     Adapter Name: NVIDIA Quadro P5000
[2020.03.04-15.41.36:608][  0]LogD3D11RHI:   Driver Version: Unknown (internal:Unknown, unified:Unknown)
[2020.03.04-15.41.36:608][  0]LogD3D11RHI:      Driver Date: Unknown
[2020.03.04-15.41.36:608][  0]LogRHI: Texture pool is 11379 MB (70% of 16257 MB)
[2020.03.04-15.41.36:660][  0]LogD3D11RHI: [Aftermath] Aftermath enabled and primed
[2020.03.04-15.41.36:661][  0]LogD3D11RHI: [Aftermath] Aftermath enabled and primed
[2020.03.04-15.41.36:661][  0]LogD3D11RHI: Async texture creation enabled
[2020.03.04-15.41.36:674][  0]LogD3D11RHI: GPU Timing Frequency: 1000.000000 (Debug: 2 1)
[2020.03.04-15.41.36:675][  0]LogShaderCompilers: Guid format shader working directory is 8 characters bigger than the processId version (E:/unreal/Bloodoath2 Project/Bloodoath2/Intermediate/Shaders/WorkingDirectory/12012/).
[2020.03.04-15.41.36:675][  0]LogShaderCompilers: Cleaned the shader compiler working directory 'C:/Users/anthony/AppData/Local/Temp/UnrealShaderWorkingDir/E15DD65840FB6F7568A947B3F2D16F84/'.
[2020.03.04-15.41.36:907][  0]LogTemp: Display: Loaded TP AllDesktopTargetPlatform
[2020.03.04-15.41.36:920][  0]LogTemp: Display: Loaded TP MacClientTargetPlatform
[2020.03.04-15.41.36:940][  0]LogTemp: Display: Loaded TP MacNoEditorTargetPlatform
[2020.03.04-15.41.36:954][  0]LogTemp: Display: Loaded TP MacServerTargetPlatform
[2020.03.04-15.41.36:971][  0]LogTemp: Display: Loaded TP MacTargetPlatform
[2020.03.04-15.41.36:986][  0]LogTemp: Display: Loaded TP WindowsClientTargetPlatform
[2020.03.04-15.41.37:001][  0]LogTemp: Display: Loaded TP WindowsNoEditorTargetPlatform
[2020.03.04-15.41.37:016][  0]LogTemp: Display: Loaded TP WindowsServerTargetPlatform
[2020.03.04-15.41.37:024][  0]LogTemp: Display: Loaded TP WindowsTargetPlatform
[2020.03.04-15.41.37:039][  0]LogTemp: Display: Loaded TP Android_ASTCTargetPlatform
[2020.03.04-15.41.37:052][  0]LogTemp: Display: Loaded TP Android_ATCTargetPlatform
[2020.03.04-15.41.37:067][  0]LogTemp: Display: Loaded TP Android_DXTTargetPlatform
[2020.03.04-15.41.37:083][  0]LogTemp: Display: Loaded TP Android_ETC1aTargetPlatform
[2020.03.04-15.41.37:096][  0]LogTemp: Display: Loaded TP Android_ETC1TargetPlatform
[2020.03.04-15.41.37:107][  0]LogTemp: Display: Loaded TP Android_ETC2TargetPlatform
[2020.03.04-15.41.37:133][  0]LogTemp: Display: Loaded TP Android_MultiTargetPlatform
[2020.03.04-15.41.37:133][  0]LogTemp: Display: Loaded TP Android_PVRTCTargetPlatform
[2020.03.04-15.41.37:149][  0]LogTemp: Display: Loaded TP AndroidTargetPlatform
[2020.03.04-15.41.37:151][  0]LogTemp: Display: Loaded TP HTML5TargetPlatform
[2020.03.04-15.41.37:189][  0]LogTemp: Display: Loaded TP IOSTargetPlatform
[2020.03.04-15.41.37:201][  0]LogTemp: Display: Loaded TP TVOSTargetPlatform
[2020.03.04-15.41.37:214][  0]LogTemp: Display: Loaded TP LinuxClientTargetPlatform
[2020.03.04-15.41.37:226][  0]LogTemp: Display: Loaded TP LinuxNoEditorTargetPlatform
[2020.03.04-15.41.37:239][  0]LogTemp: Display: Loaded TP LinuxServerTargetPlatform
[2020.03.04-15.41.37:254][  0]LogTemp: Display: Loaded TP LinuxTargetPlatform
[2020.03.04-15.41.37:254][  0]LogTargetPlatformManager: Display: Building Assets For Windows
[2020.03.04-15.41.37:377][  0]LogXGEController: Cannot use XGE Controller as Incredibuild is not installed on this machine.
[2020.03.04-15.41.37:378][  0]LogShaderCompilers: Cannot use XGE Shader Compiler as Incredibuild is not installed on this machine.
[2020.03.04-15.41.37:378][  0]LogShaderCompilers: Display: Using Local Shader Compiler.
[2020.03.04-15.41.38:234][  0]LogDerivedDataCache: Display: Max Cache Size: 512 MB
[2020.03.04-15.41.38:305][  0]LogDerivedDataCache: Loaded boot cache 0.07s 74MB C:/Users/anthony/AppData/Local/UnrealEngine/4.19/DerivedDataCache/Boot.ddc.
[2020.03.04-15.41.38:306][  0]LogDerivedDataCache: Display: Loaded Boot cache: C:/Users/anthony/AppData/Local/UnrealEngine/4.19/DerivedDataCache/Boot.ddc
[2020.03.04-15.41.38:306][  0]LogDerivedDataCache: FDerivedDataBackendGraph:  Pak pak cache file E:/unreal/Bloodoath2 Project/Bloodoath2/DerivedDataCache/DDC.ddp not found, will not use a pak cache.
[2020.03.04-15.41.38:306][  0]LogDerivedDataCache: Unable to find inner node Pak for hierarchical cache Hierarchy.
[2020.03.04-15.41.38:306][  0]LogDerivedDataCache: FDerivedDataBackendGraph:  CompressedPak pak cache file E:/unreal/Bloodoath2 Project/Bloodoath2/DerivedDataCache/Compressed.ddp not found, will not use a pak cache.
[2020.03.04-15.41.38:306][  0]LogDerivedDataCache: Unable to find inner node CompressedPak for hierarchical cache Hierarchy.
[2020.03.04-15.41.38:322][  0]LogDerivedDataCache: Display: Pak cache opened for reading ../../../Engine/DerivedDataCache/Compressed.ddp.
[2020.03.04-15.41.38:334][  0]LogDerivedDataCache: Using Local data cache path C:/Users/anthony/AppData/Local/UnrealEngine/Common/DerivedDataCache: Writable
[2020.03.04-15.41.38:334][  0]LogDerivedDataCache: Shared data cache path not found in *engine.ini, will not use an Shared cache.
[2020.03.04-15.41.38:334][  0]LogDerivedDataCache: Unable to find inner node Shared for hierarchical cache Hierarchy.
[2020.03.04-15.41.38:345][  0]LogMaterial: Verifying Global Shaders for PCD3D_SM5
[2020.03.04-15.41.38:346][  0]LogSlate: Using Freetype 2.6.0
[2020.03.04-15.41.38:347][  0]LogSlate: SlateFontCache - WITH_FREETYPE: 1, WITH_HARFBUZZ: 1
[2020.03.04-15.41.38:347][  0]LogSlate: SlateFontCache - WITH_FREETYPE: 1, WITH_HARFBUZZ: 1
[2020.03.04-15.41.38:476][  0]LogAssetRegistry: FAssetRegistry took 0.0261 seconds to start up
[2020.03.04-15.41.38:783][  0]LogInit: Selected Device Profile: [Windows]
[2020.03.04-15.41.38:940][  0]LogSimplygon: Simplygon DLL not present - disabling.
[2020.03.04-15.41.38:943][  0]LogMeshReduction: Using SimplygonSwarm for distributed automatic mesh merging
[2020.03.04-15.41.38:943][  0]LogMeshReduction: Using QuadricMeshReduction for automatic static mesh reduction
[2020.03.04-15.41.38:943][  0]LogMeshReduction: No automatic skeletal mesh reduction module available
[2020.03.04-15.41.38:943][  0]LogMeshReduction: No automatic mesh merging module available
[2020.03.04-15.41.38:943][  0]LogMeshMerging: No automatic mesh merging module available
[2020.03.04-15.41.38:978][  0]LogNetVersion: Bloodoath2 , NetCL: 3944462, EngineNetVer: 2, GameNetVer: 0 (Checksum: 2885010656)
[2020.03.04-15.41.39:939][  0]LogPackageLocalizationCache: Processed 9 localized package path(s) for 2 prioritized culture(s) in 0.559446 seconds
[2020.03.04-15.41.39:945][  0]LogUObjectArray: 36728 objects as part of root set at end of initial load.
[2020.03.04-15.41.39:945][  0]LogUObjectAllocator: 7314304 out of 0 bytes used by permanent object pool.
[2020.03.04-15.41.39:945][  0]LogUObjectArray: CloseDisregardForGC: 0/0 objects in disregard for GC pool
[2020.03.04-15.41.41:627][  0]LogTcpMessaging: Initializing TcpMessaging bridge
[2020.03.04-15.41.41:660][  0]LogUdpMessaging: Initializing bridge on interface 0.0.0.0:0 to multicast group 230.0.0.1:6666.
[2020.03.04-15.41.42:915][  0]SourceControl: Source control is disabled
[2020.03.04-15.41.43:831][  0]LogAndroidPermission: UAndroidPermissionCallbackProxy::GetInstance
[2020.03.04-15.41.44:131][  0]LogOcInput: OculusInput pre-init called
[2020.03.04-15.41.44:245][  0]LogEngine: Initializing Engine...
[2020.03.04-15.41.44:302][  0]LogHMD: Failed to initialize OpenVR with code 108
[2020.03.04-15.41.44:303][  0]LogStats: UGameplayTagsManager::ConstructGameplayTagTree: Construct from data asset -  0.000 s
[2020.03.04-15.41.44:304][  0]LogStats: UGameplayTagsManager::ConstructGameplayTagTree: GameplayTagTreeChangedEvent.Broadcast -  0.000 s
[2020.03.04-15.41.44:553][  0]LogAIModule: Creating AISystem for world Untitled
[2020.03.04-15.41.44:645][  0]LogInit: XAudio2 using 'Headphones (Conexant ISST Audio)' : 2 channels at 48 kHz using 32 bits per sample (channel mask 0x3)
[2020.03.04-15.41.44:672][  0]LogInit: FAudioDevice initialized.
[2020.03.04-15.41.44:729][  0]LogDerivedDataCache: Saved boot cache 0.06s 74MB C:/Users/anthony/AppData/Local/UnrealEngine/4.19/DerivedDataCache/Boot.ddc.
[2020.03.04-15.41.44:744][  0]LogInit: Texture streaming: Enabled
[2020.03.04-15.41.44:761][  0]LogEngineSessionManager: EngineSessionManager initialized
[2020.03.04-15.41.44:782][  0]LogInit: Transaction tracking system initialized
[2020.03.04-15.41.44:805][  0]BlueprintLog: New page: Editor Load
[2020.03.04-15.41.44:885][  0]LocalizationService: Localization service is disabled
[2020.03.04-15.41.45:027][  0]LogConsoleResponse: Display: 
[2020.03.04-15.41.45:189][  0]LogCook: Display: Max memory allowance for cook 16384mb min free memory 0mb
[2020.03.04-15.41.45:189][  0]LogCook: Display: Mobile HDR setting 1
[2020.03.04-15.41.45:189][  0]LogGameplayTags: Display: UGameplayTagsManager::DoneAddingNativeTags. DelegateIsBound: 0
[2020.03.04-15.41.45:189][  0]LogStats: UGameplayTagsManager::ConstructGameplayTagTree: Construct from data asset -  0.000 s
[2020.03.04-15.41.45:189][  0]LogStats: UGameplayTagsManager::ConstructGameplayTagTree: GameplayTagTreeChangedEvent.Broadcast -  0.000 s
[2020.03.04-15.41.45:450][  0]LogFileCache: Scanning file cache for directory 'E:/unreal/Bloodoath2 Project/Bloodoath2/Content/' took 0.01s
[2020.03.04-15.41.45:558][  0]Cmd: MAP LOAD FILE="E:/unreal/Bloodoath2 Project/Bloodoath2/Content/ThirdPersonBP/Maps/ThirdPersonExampleMap.umap" TEMPLATE=0 SHOWPROGRESS=1 FEATURELEVEL=3
[2020.03.04-15.41.45:559][  0]LightingResults: New page: Lighting Build
[2020.03.04-15.41.45:561][  0]MapCheck: New page: Map Check
[2020.03.04-15.41.45:561][  0]LightingResults: New page: Lighting Build
[2020.03.04-15.41.45:611][  0]LogUObjectGlobals: Created PersistentFrame Addr=0x0000019f8b037740, Size=64, Default__ThirdPerson_AnimBP_C Function /Game/Mannequin/Animations/ThirdPerson_AnimBP.ThirdPerson_AnimBP_C:ExecuteUbergraph_ThirdPerson_AnimBP
[2020.03.04-15.41.45:621][  0]LogUObjectGlobals: Destroyed PersistentFrame Addr=0x0000019f8b037740, Size=64
[2020.03.04-15.41.45:621][  0]LogUObjectGlobals: Created PersistentFrame Addr=0x0000019f8b037800, Size=64, Default__ThirdPerson_AnimBP_C Function /Engine/Transient.REINST_ThirdPerson_AnimBP_C_0:ExecuteUbergraph_ThirdPerson_AnimBP
[2020.03.04-15.41.45:629][  0]LogUObjectGlobals: Created PersistentFrame Addr=0x0000019f8af92480, Size=72, Default__ThirdPerson_AnimBP_C Function /Game/Mannequin/Animations/ThirdPerson_AnimBP.ThirdPerson_AnimBP_C:ExecuteUbergraph_ThirdPerson_AnimBP
[2020.03.04-15.41.45:666][  0]LogUObjectGlobals: Created PersistentFrame Addr=0x0000019f8ac6bec0, Size=296, Default__ThirdPersonCharacter_C Function /Game/ThirdPersonBP/Blueprints/ThirdPersonCharacter.ThirdPersonCharacter_C:ExecuteUbergraph_ThirdPersonCharacter
[2020.03.04-15.41.45:671][  0]LogUObjectGlobals: Destroyed PersistentFrame Addr=0x0000019f8ac6bec0, Size=296
[2020.03.04-15.41.45:671][  0]LogUObjectGlobals: Created PersistentFrame Addr=0x0000019f8ac6bec0, Size=296, Default__ThirdPersonCharacter_C Function /Engine/Transient.REINST_ThirdPersonCharacter_C_4:ExecuteUbergraph_ThirdPersonCharacter
[2020.03.04-15.41.45:678][  0]LogUObjectGlobals: Created PersistentFrame Addr=0x0000019f8ac6a700, Size=296, Default__ThirdPersonCharacter_C Function /Game/ThirdPersonBP/Blueprints/ThirdPersonCharacter.ThirdPersonCharacter_C:ExecuteUbergraph_ThirdPersonCharacter
[2020.03.04-15.41.45:928][  0]LogSkeletalMesh: Skeletal Mesh found in DDC [11.600300ms] /Game/Mannequin/Character/Mesh/SK_Mannequin.SK_Mannequin
[2020.03.04-15.41.45:969][  0]LogAIModule: Creating AISystem for world ThirdPersonExampleMap
[2020.03.04-15.41.45:980][  0]LogEditorServer: Finished looking for orphan Actors (0.000 secs)
[2020.03.04-15.41.45:990][  0]LogUObjectGlobals: Destroyed PersistentFrame Addr=0x0000019f8b037800, Size=64
[2020.03.04-15.41.45:990][  0]LogUObjectGlobals: Destroyed PersistentFrame Addr=0x0000019f8ac6bec0, Size=296
[2020.03.04-15.41.45:991][  0]Cmd: MAP CHECKDEP NOCLEARLOG
[2020.03.04-15.41.46:053][  0]MapCheck: Map check complete: 0 Error(s), 0 Warning(s), took 62.43ms to complete.
[2020.03.04-15.41.46:053][  0]LogFileHelpers: Loading map 'ThirdPersonExampleMap' took 0.495
[2020.03.04-15.41.46:147][  0]LogCollectionManager: Loaded 0 collections in 0.001889 seconds
[2020.03.04-15.41.46:188][  0]LogFileCache: Scanning file cache for directory 'E:/unreal/Bloodoath2 Project/Bloodoath2/Saved/Collections/' took 0.01s
[2020.03.04-15.41.46:188][  0]LogFileCache: Scanning file cache for directory 'E:/unreal/Bloodoath2 Project/Bloodoath2/Content/Developers/anthony/Collections/' took 0.01s
[2020.03.04-15.41.46:188][  0]LogFileCache: Scanning file cache for directory 'E:/unreal/Bloodoath2 Project/Bloodoath2/Content/Collections/' took 0.01s
[2020.03.04-15.41.46:188][  0]LogCollectionManager: Rebuilt the GUID cache for 0 collections in 0.000000 seconds
[2020.03.04-15.41.46:198][  0]LogContentBrowser: Native class hierarchy populated in 0.0096 seconds. Added 2452 classes and 558 folders.
[2020.03.04-15.41.46:205][  0]LogContentBrowser: Native class hierarchy updated for 'WidgetCarousel' in 0.0002 seconds. Added 0 classes and 0 folders.
[2020.03.04-15.41.46:247][  0]LogContentBrowser: Native class hierarchy updated for 'AddContentDialog' in 0.0002 seconds. Added 0 classes and 0 folders.
[2020.03.04-15.41.46:323][  0]LogContentBrowser: Native class hierarchy updated for 'SceneOutliner' in 0.0002 seconds. Added 1 classes and 2 folders.
[2020.03.04-15.41.46:419][  0]LogSlate: Took 0.000293 seconds to synchronously load lazily loaded font '../../../Engine/Content/Slate/Fonts/Roboto-Regular.ttf' (155K)
[2020.03.04-15.41.46:423][  0]LogSlate: Took 0.000263 seconds to synchronously load lazily loaded font '../../../Engine/Content/Slate/Fonts/Roboto-Bold.ttf' (160K)
[2020.03.04-15.41.46:425][  0]LogSlate: Took 0.000345 seconds to synchronously load lazily loaded font '../../../Engine/Content/Editor/Slate/Fonts/FontAwesome.ttf' (139K)
[2020.03.04-15.41.46:568][  0]LogRenderer: Reallocating scene render targets to support 1140x964 Format 10 NumSamples 1 (Frame:1).
[2020.03.04-15.41.46:790][  0]LogContentBrowser: Native class hierarchy updated for 'HierarchicalLODOutliner' in 0.0002 seconds. Added 0 classes and 0 folders.
[2020.03.04-15.41.46:790][  0]LogLoad: (Engine Initialization) Total time: 14.60 seconds
[2020.03.04-15.41.46:790][  0]LogLoad: (Engine Initialization) Total Blueprint compile time: 0.00 seconds
[2020.03.04-15.41.46:831][  0]LogContentStreaming: Texture pool size now 1000 MB
[2020.03.04-15.41.46:884][  1]LogAssetRegistry: Asset discovery search completed in 8.4301 seconds
[2020.03.04-15.41.46:886][  1]LogCollectionManager: Rebuilt the object cache for 0 collections in 0.000000 seconds (found 0 objects)
[2020.03.04-15.41.46:886][  1]LogCollectionManager: Fixed up redirectors for 0 collections in 0.000050 seconds (updated 0 objects)
[2020.03.04-15.42.01:932][887]LogSlate: FSceneViewport::OnFocusLost() reason 0
[2020.03.04-15.42.39:042][ 75]LogSlate: Took 0.000278 seconds to synchronously load lazily loaded font '../../../Engine/Content/Slate/Fonts/Roboto-Light.ttf' (167K)
[2020.03.04-15.42.41:811][ 75]LogSlate: Window 'Save Content' being destroyed
[2020.03.04-15.42.41:981][ 75]Cmd: OBJ SAVEPACKAGE PACKAGE="/Game/Levels/AnthonySandbox" FILE="E:/unreal/Bloodoath2 Project/Bloodoath2/Content/Levels/AnthonySandbox.umap" SILENT=true AUTOSAVING=false KEEPDIRTY=false
[2020.03.04-15.42.43:316][ 75]LogSavePackage: Save=10.39ms
[2020.03.04-15.42.43:316][ 75]LogSavePackage: Moving 'E:/unreal/Bloodoath2 Project/Bloodoath2/Saved/AnthonySandbox05564F8E4AA5EB2A41FD88A1D210286E.tmp' to 'E:/unreal/Bloodoath2 Project/Bloodoath2/Content/Levels/AnthonySandbox.umap'
[2020.03.04-15.42.43:468][ 75]LogSavePackage: Display: Finished SavePackage E:/unreal/Bloodoath2 Project/Bloodoath2/Content/Levels/AnthonySandbox.umap
[2020.03.04-15.42.43:663][ 75]LogFileHelpers: Saving map 'AnthonySandbox' took 1.748
[2020.03.04-15.42.43:668][ 75]Cmd: MAP LOAD FILE="E:/unreal/Bloodoath2 Project/Bloodoath2/Content/Levels/AnthonySandbox.umap" TEMPLATE=0 SHOWPROGRESS=1 FEATURELEVEL=3
[2020.03.04-15.42.43:669][ 75]LightingResults: New page: Lighting Build
[2020.03.04-15.42.43:670][ 75]LoadErrors: New page: Loading map: AnthonySandbox.umap
[2020.03.04-15.42.43:674][ 75]MapCheck: New page: Map Check
[2020.03.04-15.42.43:675][ 75]LightingResults: New page: Lighting Build
[2020.03.04-15.42.43:732][ 75]LogEditorServer: Finished looking for orphan Actors (0.000 secs)
[2020.03.04-15.42.43:732][ 75]LogAIModule: Creating AISystem for world AnthonySandbox
[2020.03.04-15.42.43:772][ 75]Cmd: MAP CHECKDEP NOCLEARLOG
[2020.03.04-15.42.43:835][ 75]MapCheck: Map check complete: 0 Error(s), 0 Warning(s), took 62.677ms to complete.
[2020.03.04-15.42.43:836][ 75]LogFileHelpers: Loading map 'AnthonySandbox' took 0.170
[2020.03.04-15.42.51:713][545]LogSlate: FSceneViewport::OnFocusLost() reason 0
[2020.03.04-15.42.56:437][823]LogSlate: FSceneViewport::OnFocusLost() reason 0
[2020.03.04-15.42.57:921][909]LogActorFactory: Actor Factory created Cube
[2020.03.04-15.42.58:562][946]LogActorFactory: Actor Factory created Cube
[2020.03.04-15.43.00:167][ 38]LogSlate: Took 0.007713 seconds to synchronously load lazily loaded font '../../../Engine/Content/Slate/Fonts/Roboto-Italic.ttf' (157K)
[2020.03.04-15.43.06:622][423]LogSlate: FSceneViewport::OnFocusLost() reason 0
[2020.03.04-15.43.24:452][480]LogSlate: FSceneViewport::OnFocusLost() reason 0
[2020.03.04-15.43.30:376][830]LogSlate: FSceneViewport::OnFocusLost() reason 0
[2020.03.04-15.43.30:502][836]LogActorFactory: Actor Factory created Cube
[2020.03.04-15.43.33:656][ 22]LogActorFactory: Actor Factory created Cube
[2020.03.04-15.43.44:944][695]LogSlate: FSceneViewport::OnFocusLost() reason 0
[2020.03.04-15.43.54:236][236]LogEditorViewport: Clicking on Actor (LMB): StaticMeshActor (Cube)
[2020.03.04-15.44.03:624][789]LogSlate: FSceneViewport::OnFocusLost() reason 0
[2020.03.04-15.44.49:196][508]LogSlate: FSceneViewport::OnFocusLost() reason 0
[2020.03.04-15.45.00:263][168]LogSlate: FSceneViewport::OnFocusLost() reason 0
[2020.03.04-15.45.06:169][517]LogEditorViewport: Clicking on Actor (LMB): StaticMeshActor (Cube2)
[2020.03.04-15.45.14:391][  1]LogSlate: FSceneViewport::OnFocusLost() reason 2
[2020.03.04-15.45.14:488][  1]LogSlate: FSceneViewport::OnFocusLost() reason 2
[2020.03.04-15.45.14:514][  1]Cmd: OBJ SAVEPACKAGE PACKAGE="/Game/Levels/AnthonySandbox" FILE="E:/unreal/Bloodoath2 Project/Bloodoath2/Content/Levels/AnthonySandbox.umap" SILENT=true AUTOSAVING=false KEEPDIRTY=false
[2020.03.04-15.45.14:599][  1]LogSavePackage: Save=14.12ms
[2020.03.04-15.45.14:599][  1]LogSavePackage: Moving 'E:/unreal/Bloodoath2 Project/Bloodoath2/Saved/AnthonySandboxBFE3E5A64274431D55509A81C91D346E.tmp' to 'E:/unreal/Bloodoath2 Project/Bloodoath2/Content/Levels/AnthonySandbox.umap'
[2020.03.04-15.45.14:671][  1]LogSavePackage: Display: Finished SavePackage E:/unreal/Bloodoath2 Project/Bloodoath2/Content/Levels/AnthonySandbox.umap
[2020.03.04-15.45.18:539][227]LogSlate: FSceneViewport::OnFocusLost() reason 0
[2020.03.04-15.45.18:595][230]LogSlate: Took 0.000218 seconds to synchronously load lazily loaded font '../../../Engine/Content/Slate/Fonts/Roboto-Light.ttf' (167K)
[2020.03.04-15.46.08:189][ 34]LogSlate: Window 'Delete Assets' being destroyed
[2020.03.04-15.46.08:211][ 34]LightingResults: New page: Lighting Build
[2020.03.04-15.46.08:219][ 34]MapCheck: New page: Map Check
[2020.03.04-15.46.08:219][ 34]LightingResults: New page: Lighting Build
[2020.03.04-15.46.08:230][ 34]LogAIModule: Creating AISystem for world Untitled
[2020.03.04-15.46.08:303][ 34]LoadErrors: New page: New Map
[2020.03.04-15.46.08:311][ 34]LogAIModule: Creating AISystem for world AnthonySandbox
[2020.03.04-15.46.09:545][ 34]SourceControl: rm 'Bloodoath2/Content/Levels/AnthonySandbox.umap'
[2020.03.04-15.46.24:887][947]LogUObjectGlobals: Created PersistentFrame Addr=0x0000019f92f2cb80, Size=88, Default__Landscape_Painting_Mode_C Function /Engine/Tutorial/Landscape/Landscape_Painting_Mode.Landscape_Painting_Mode_C:ExecuteUbergraph_Landscape_Painting_Mode
[2020.03.04-15.46.24:892][947]LogUObjectGlobals: Destroyed PersistentFrame Addr=0x0000019f92f2cb80, Size=88
[2020.03.04-15.46.24:892][947]LogUObjectGlobals: Created PersistentFrame Addr=0x0000019f92f2cb80, Size=88, Default__Landscape_Painting_Mode_C Function /Engine/Transient.REINST_Landscape_Painting_Mode_C_10:ExecuteUbergraph_Landscape_Painting_Mode
[2020.03.04-15.46.24:896][947]LogUObjectGlobals: Created PersistentFrame Addr=0x0000019fb7533330, Size=80, Default__Landscape_Painting_Mode_C Function /Engine/Tutorial/Landscape/Landscape_Painting_Mode.Landscape_Painting_Mode_C:ExecuteUbergraph_Landscape_Painting_Mode
[2020.03.04-15.46.24:905][947]LogUObjectGlobals: Created PersistentFrame Addr=0x0000019fab084ca0, Size=88, Default__Landscape_Sculpt_Mode_C Function /Engine/Tutorial/Landscape/Landscape_Sculpt_Mode.Landscape_Sculpt_Mode_C:ExecuteUbergraph_Landscape_Sculpt_Mode
[2020.03.04-15.46.24:908][947]LogUObjectGlobals: Destroyed PersistentFrame Addr=0x0000019fab084ca0, Size=88
[2020.03.04-15.46.24:908][947]LogUObjectGlobals: Created PersistentFrame Addr=0x0000019fab084ca0, Size=88, Default__Landscape_Sculpt_Mode_C Function /Engine/Transient.REINST_Landscape_Sculpt_Mode_C_12:ExecuteUbergraph_Landscape_Sculpt_Mode
[2020.03.04-15.46.24:911][947]LogUObjectGlobals: Created PersistentFrame Addr=0x0000019fb7531f30, Size=80, Default__Landscape_Sculpt_Mode_C Function /Engine/Tutorial/Landscape/Landscape_Sculpt_Mode.Landscape_Sculpt_Mode_C:ExecuteUbergraph_Landscape_Sculpt_Mode
[2020.03.04-15.46.24:924][947]LogUObjectGlobals: Created PersistentFrame Addr=0x0000019fb752b880, Size=64, Default__CreatingSigningCertAndProvisionTutorial_C Function /Engine/Tutorial/Mobile/CreatingSigningCertAndProvisionTutorial.CreatingSigningCertAndProvisionTutorial_C:ExecuteUbergraph_CreatingSigningCertAndProvisionTutorial
[2020.03.04-15.46.24:931][947]LogUObjectGlobals: Destroyed PersistentFrame Addr=0x0000019fb752b880, Size=64
[2020.03.04-15.46.24:931][947]LogUObjectGlobals: Created PersistentFrame Addr=0x0000019fb752a640, Size=64, Default__CreatingSigningCertAndProvisionTutorial_C Function /Engine/Transient.REINST_CreatingSigningCertAndProvisionTutorial_C_14:ExecuteUbergraph_CreatingSigningCertAndProvisionTutorial
[2020.03.04-15.46.24:934][947]LogUObjectGlobals: Created PersistentFrame Addr=0x0000019fb7528f40, Size=64, Default__CreatingSigningCertAndProvisionTutorial_C Function /Engine/Tutorial/Mobile/CreatingSigningCertAndProvisionTutorial.CreatingSigningCertAndProvisionTutorial_C:ExecuteUbergraph_CreatingSigningCertAndProvisionTutorial
[2020.03.04-15.46.24:981][947]LogSlate: Window 'Tutorials' being destroyed
[2020.03.04-15.46.25:009][947]LogSlate: Window 'Tutorials' being destroyed
[2020.03.04-15.46.38:541][752]LogEditorViewport: Clicking Background
[2020.03.04-15.46.40:259][855]LogSlate: FSceneViewport::OnFocusLost() reason 0
[2020.03.04-15.46.56:430][786]LogUObjectGlobals: Created PersistentFrame Addr=0x000001a0224bfa28, Size=4, Default__StarterMap_C Function /Game/StarterContent/Maps/StarterMap.StarterMap_C:ExecuteUbergraph_StarterMap
[2020.03.04-15.46.56:439][786]LogUObjectGlobals: Destroyed PersistentFrame Addr=0x000001a0224bfa28, Size=4
[2020.03.04-15.46.56:439][786]LogUObjectGlobals: Created PersistentFrame Addr=0x000001a0224bfa28, Size=4, Default__StarterMap_C Function /Engine/Transient.REINST_StarterMap_C_30:ExecuteUbergraph_StarterMap
[2020.03.04-15.46.56:440][786]LogUObjectGlobals: Created PersistentFrame Addr=0x000001a0224bf978, Size=4, Default__StarterMap_C Function /Game/StarterContent/Maps/StarterMap.StarterMap_C:ExecuteUbergraph_StarterMap
[2020.03.04-15.46.57:135][786]LogAIModule: Creating AISystem for world StarterMap
[2020.03.04-15.46.57:190][786]LogUObjectGlobals: Destroyed PersistentFrame Addr=0x0000019fb752a640, Size=64
[2020.03.04-15.46.57:190][786]LogUObjectGlobals: Destroyed PersistentFrame Addr=0x0000019fab084ca0, Size=88
[2020.03.04-15.46.57:190][786]LogUObjectGlobals: Destroyed PersistentFrame Addr=0x0000019f92f2cb80, Size=88
[2020.03.04-15.46.57:190][786]LogUObjectGlobals: Destroyed PersistentFrame Addr=0x000001a0224bfa28, Size=4
[2020.03.04-15.46.57:193][786]Cmd: MAP LOAD FILE="E:/unreal/Bloodoath2 Project/Bloodoath2/Content/StarterContent/Maps/StarterMap.umap" TEMPLATE=0 SHOWPROGRESS=1 FEATURELEVEL=3
[2020.03.04-15.46.57:193][786]LightingResults: New page: Lighting Build
[2020.03.04-15.46.57:194][786]LoadErrors: New page: Loading map: StarterMap.umap
[2020.03.04-15.46.57:195][786]MapCheck: New page: Map Check
[2020.03.04-15.46.57:195][786]LightingResults: New page: Lighting Build
[2020.03.04-15.46.57:408][786]LogEditorServer: Finished looking for orphan Actors (0.000 secs)
[2020.03.04-15.46.57:451][786]Cmd: MAP CHECKDEP NOCLEARLOG
[2020.03.04-15.46.57:552][786]MapCheck: Map check complete: 0 Error(s), 0 Warning(s), took 102.244ms to complete.
[2020.03.04-15.46.57:552][786]LogFileHelpers: Loading map 'StarterMap' took 0.360
[2020.03.04-15.47.18:785][  9]LogSlate: FSceneViewport::OnFocusLost() reason 0
[2020.03.04-15.47.41:537][368]Cmd: MAP LOAD FILE="E:/unreal/Bloodoath2 Project/Bloodoath2/Content/ThirdPersonBP/Maps/ThirdPersonExampleMap.umap" TEMPLATE=0 SHOWPROGRESS=1 FEATURELEVEL=3
[2020.03.04-15.47.41:570][368]LightingResults: New page: Lighting Build
[2020.03.04-15.47.41:571][368]LoadErrors: New page: Loading map: ThirdPersonExampleMap.umap
[2020.03.04-15.47.41:574][368]MapCheck: New page: Map Check
[2020.03.04-15.47.41:574][368]LightingResults: New page: Lighting Build
[2020.03.04-15.47.41:586][368]LogUObjectGlobals: Destroyed PersistentFrame Addr=0x000001a0224bf978, Size=4
[2020.03.04-15.47.41:658][368]LogAIModule: Creating AISystem for world ThirdPersonExampleMap
[2020.03.04-15.47.41:804][368]LogEditorServer: Finished looking for orphan Actors (0.000 secs)
[2020.03.04-15.47.41:848][368]Cmd: MAP CHECKDEP NOCLEARLOG
[2020.03.04-15.47.41:941][368]MapCheck: Map check complete: 0 Error(s), 0 Warning(s), took 92.835ms to complete.
[2020.03.04-15.47.41:941][368]LogFileHelpers: Loading map 'ThirdPersonExampleMap' took 0.406
[2020.03.04-15.47.41:944][368]LogSlate: Window 'Open Level' being destroyed
[2020.03.04-15.47.59:252][363]LogAIModule: Creating AISystem for world AnthonySB
[2020.03.04-15.47.59:493][363]Cmd: OBJ SAVEPACKAGE PACKAGE="/Game/ThirdPersonBP/Maps/AnthonySB" FILE="E:/unreal/Bloodoath2 Project/Bloodoath2/Content/ThirdPersonBP/Maps/AnthonySB.umap" SILENT=true AUTOSAVING=false KEEPDIRTY=false
[2020.03.04-15.47.59:655][363]LogSavePackage: Save=132.15ms
[2020.03.04-15.47.59:655][363]LogSavePackage: Moving 'E:/unreal/Bloodoath2 Project/Bloodoath2/Saved/AnthonySBB6086A8041D5AA142A67079849BE4263.tmp' to 'E:/unreal/Bloodoath2 Project/Bloodoath2/Content/ThirdPersonBP/Maps/AnthonySB.umap'
[2020.03.04-15.47.59:808][363]LogSavePackage: Display: Finished SavePackage E:/unreal/Bloodoath2 Project/Bloodoath2/Content/ThirdPersonBP/Maps/AnthonySB.umap
[2020.03.04-15.48.00:955][363]LogFileHelpers: Saving map 'AnthonySB' took 1.577
[2020.03.04-15.49.29:872][424]LogMetaData: Removing '/Game/Levels/AnthonySB.SKEL_AnthonySB_C' ref from Metadata '/Game/ThirdPersonBP/Maps/AnthonySB.PackageMetaData'
[2020.03.04-15.49.29:872][424]LogMetaData: Removing '/Game/Levels/AnthonySB.AnthonySB_C' ref from Metadata '/Game/ThirdPersonBP/Maps/AnthonySB.PackageMetaData'
[2020.03.04-15.49.29:996][424]Cmd: OBJ SAVEPACKAGE PACKAGE="/Game/Levels/AnthonySB" FILE="E:/unreal/Bloodoath2 Project/Bloodoath2/Content/Levels/AnthonySB.umap" SILENT=true AUTOSAVING=false KEEPDIRTY=false
[2020.03.04-15.49.30:305][424]LogSavePackage: Save=270.63ms
[2020.03.04-15.49.30:305][424]LogSavePackage: Moving 'E:/unreal/Bloodoath2 Project/Bloodoath2/Saved/AnthonySBDFDCA11249AB82230C8CCE9290EA997A.tmp' to 'E:/unreal/Bloodoath2 Project/Bloodoath2/Content/Levels/AnthonySB.umap'
[2020.03.04-15.49.30:466][424]LogSavePackage: Display: Finished SavePackage E:/unreal/Bloodoath2 Project/Bloodoath2/Content/Levels/AnthonySB.umap
[2020.03.04-15.49.32:249][424]LogFileHelpers: Saving map 'AnthonySB' took 2.347
[2020.03.04-15.49.32:841][424]SourceControl: rm 'Bloodoath2/Content/ThirdPersonBP/Maps/AnthonySB.umap'
[2020.03.04-15.49.32:986][429]SourceControl: Error: fatal: Invalid path '/Game': No such file or directory
[2020.03.04-15.49.35:210][555]LogSlate: Window 'Content Browser' being destroyed
